{"/Users/nickfarni/WebstormProjects/truth-checker-api/src/server.js":{"path":"/Users/nickfarni/WebstormProjects/truth-checker-api/src/server.js","statementMap":{"0":{"start":{"line":4,"column":0},"end":{"line":4,"column":27}},"1":{"start":{"line":6,"column":16},"end":{"line":6,"column":34}},"2":{"start":{"line":7,"column":16},"end":{"line":7,"column":25}},"3":{"start":{"line":10,"column":21},"end":{"line":10,"column":58}},"4":{"start":{"line":13,"column":28},"end":{"line":13,"column":47}},"5":{"start":{"line":14,"column":28},"end":{"line":14,"column":73}},"6":{"start":{"line":18,"column":16},"end":{"line":18,"column":33}},"7":{"start":{"line":19,"column":16},"end":{"line":19,"column":31}},"8":{"start":{"line":20,"column":16},"end":{"line":20,"column":33}},"9":{"start":{"line":26,"column":0},"end":{"line":26,"column":22}},"10":{"start":{"line":27,"column":0},"end":{"line":27,"column":30}},"11":{"start":{"line":28,"column":0},"end":{"line":28,"column":16}},"12":{"start":{"line":29,"column":0},"end":{"line":29,"column":18}},"13":{"start":{"line":32,"column":22},"end":{"line":32,"column":53}},"14":{"start":{"line":33,"column":22},"end":{"line":33,"column":53}},"15":{"start":{"line":34,"column":22},"end":{"line":34,"column":51}},"16":{"start":{"line":35,"column":22},"end":{"line":35,"column":57}},"17":{"start":{"line":38,"column":0},"end":{"line":38,"column":35}},"18":{"start":{"line":39,"column":0},"end":{"line":39,"column":35}},"19":{"start":{"line":40,"column":0},"end":{"line":40,"column":33}},"20":{"start":{"line":41,"column":0},"end":{"line":41,"column":39}},"21":{"start":{"line":44,"column":0},"end":{"line":46,"column":3}},"22":{"start":{"line":45,"column":2},"end":{"line":45,"column":49}},"23":{"start":{"line":49,"column":0},"end":{"line":53,"column":3}},"24":{"start":{"line":50,"column":2},"end":{"line":52,"column":68}},"25":{"start":{"line":55,"column":0},"end":{"line":55,"column":21}}},"fnMap":{"0":{"name":"(anonymous_0)","decl":{"start":{"line":44,"column":17},"end":{"line":44,"column":18}},"loc":{"start":{"line":44,"column":23},"end":{"line":46,"column":1}},"line":44},"1":{"name":"(anonymous_1)","decl":{"start":{"line":49,"column":13},"end":{"line":49,"column":14}},"loc":{"start":{"line":49,"column":27},"end":{"line":53,"column":1}},"line":49}},"branchMap":{"0":{"loc":{"start":{"line":14,"column":28},"end":{"line":14,"column":73}},"type":"cond-expr","locations":[{"start":{"line":14,"column":56},"end":{"line":14,"column":62}},{"start":{"line":14,"column":65},"end":{"line":14,"column":73}}],"line":14}},"s":{"0":1,"1":1,"2":1,"3":1,"4":1,"5":1,"6":1,"7":1,"8":1,"9":1,"10":1,"11":1,"12":1,"13":1,"14":1,"15":1,"16":1,"17":1,"18":1,"19":1,"20":1,"21":1,"22":1,"23":1,"24":0,"25":1},"f":{"0":1,"1":0},"b":{"0":[0,1]},"_coverageSchema":"1a1c01bbd47fc00a2c39e90264f33305004495a9","hash":"954117e10593a513da34124873b31e4cab1a0efd","contentHash":"f001e1908e2cd3b1740cf82fb8df6f1997922cde393574189bfd54ab5d91530b"},"/Users/nickfarni/WebstormProjects/truth-checker-api/src/middleware/error-handler.js":{"path":"/Users/nickfarni/WebstormProjects/truth-checker-api/src/middleware/error-handler.js","statementMap":{"0":{"start":{"line":2,"column":0},"end":{"line":2,"column":27}},"1":{"start":{"line":3,"column":21},"end":{"line":3,"column":41}},"2":{"start":{"line":5,"column":21},"end":{"line":14,"column":1}},"3":{"start":{"line":7,"column":4},"end":{"line":12,"column":5}},"4":{"start":{"line":8,"column":8},"end":{"line":8,"column":46}},"5":{"start":{"line":10,"column":8},"end":{"line":10,"column":53}},"6":{"start":{"line":11,"column":8},"end":{"line":11,"column":52}},"7":{"start":{"line":13,"column":4},"end":{"line":13,"column":35}},"8":{"start":{"line":16,"column":0},"end":{"line":16,"column":30}}},"fnMap":{"0":{"name":"(anonymous_0)","decl":{"start":{"line":5,"column":21},"end":{"line":5,"column":22}},"loc":{"start":{"line":5,"column":48},"end":{"line":14,"column":1}},"line":5}},"branchMap":{"0":{"loc":{"start":{"line":7,"column":4},"end":{"line":12,"column":5}},"type":"if","locations":[{"start":{"line":7,"column":4},"end":{"line":12,"column":5}},{"start":{"line":7,"column":4},"end":{"line":12,"column":5}}],"line":7}},"s":{"0":1,"1":1,"2":1,"3":0,"4":0,"5":0,"6":0,"7":0,"8":1},"f":{"0":0},"b":{"0":[0,0]},"_coverageSchema":"1a1c01bbd47fc00a2c39e90264f33305004495a9","hash":"f3c6e6c8f38a90c2bfb5adfa24228cc08b5feaba","contentHash":"331068604cb95f42017e2157c646f97c0746d5f2352a21829c26338106304200"},"/Users/nickfarni/WebstormProjects/truth-checker-api/src/config.js":{"path":"/Users/nickfarni/WebstormProjects/truth-checker-api/src/config.js","statementMap":{"0":{"start":{"line":1,"column":0},"end":{"line":9,"column":1}}},"fnMap":{},"branchMap":{},"s":{"0":1},"f":{},"b":{},"_coverageSchema":"1a1c01bbd47fc00a2c39e90264f33305004495a9","hash":"35311ce4724b8426c581993290534f5323ad6424","contentHash":"6d8f7d1f05caa22b5a4f582fac0bf803265fc97da4e472f8ddd95aae7c20dcd7"},"/Users/nickfarni/WebstormProjects/truth-checker-api/src/users/users-router.js":{"path":"/Users/nickfarni/WebstormProjects/truth-checker-api/src/users/users-router.js","statementMap":{"0":{"start":{"line":2,"column":26},"end":{"line":2,"column":41}},"1":{"start":{"line":3,"column":26},"end":{"line":3,"column":44}},"2":{"start":{"line":4,"column":26},"end":{"line":4,"column":44}},"3":{"start":{"line":5,"column":26},"end":{"line":5,"column":59}},"4":{"start":{"line":6,"column":26},"end":{"line":6,"column":34}},"5":{"start":{"line":7,"column":26},"end":{"line":7,"column":40}},"6":{"start":{"line":10,"column":26},"end":{"line":10,"column":52}},"7":{"start":{"line":14,"column":0},"end":{"line":76,"column":7}},"8":{"start":{"line":19,"column":8},"end":{"line":23,"column":22}},"9":{"start":{"line":21,"column":14},"end":{"line":21,"column":67}},"10":{"start":{"line":29,"column":34},"end":{"line":29,"column":42}},"11":{"start":{"line":31,"column":6},"end":{"line":37,"column":15}},"12":{"start":{"line":32,"column":8},"end":{"line":37,"column":15}},"13":{"start":{"line":33,"column":8},"end":{"line":37,"column":15}},"14":{"start":{"line":39,"column":30},"end":{"line":39,"column":69}},"15":{"start":{"line":40,"column":8},"end":{"line":46,"column":9}},"16":{"start":{"line":41,"column":12},"end":{"line":45,"column":19}},"17":{"start":{"line":48,"column":8},"end":{"line":75,"column":21}},"18":{"start":{"line":50,"column":10},"end":{"line":55,"column":19}},"19":{"start":{"line":51,"column":12},"end":{"line":55,"column":19}},"20":{"start":{"line":57,"column":10},"end":{"line":73,"column":13}},"21":{"start":{"line":59,"column":30},"end":{"line":64,"column":15}},"22":{"start":{"line":66,"column":14},"end":{"line":72,"column":17}},"23":{"start":{"line":68,"column":18},"end":{"line":71,"column":62}},"24":{"start":{"line":77,"column":4},"end":{"line":77,"column":33}}},"fnMap":{"0":{"name":"(anonymous_0)","decl":{"start":{"line":16,"column":9},"end":{"line":16,"column":10}},"loc":{"start":{"line":16,"column":29},"end":{"line":26,"column":5}},"line":16},"1":{"name":"(anonymous_1)","decl":{"start":{"line":20,"column":16},"end":{"line":20,"column":17}},"loc":{"start":{"line":20,"column":33},"end":{"line":22,"column":11}},"line":20},"2":{"name":"(anonymous_2)","decl":{"start":{"line":28,"column":22},"end":{"line":28,"column":23}},"loc":{"start":{"line":28,"column":42},"end":{"line":76,"column":5}},"line":28},"3":{"name":"(anonymous_3)","decl":{"start":{"line":49,"column":14},"end":{"line":49,"column":15}},"loc":{"start":{"line":49,"column":36},"end":{"line":74,"column":9}},"line":49},"4":{"name":"(anonymous_4)","decl":{"start":{"line":58,"column":16},"end":{"line":58,"column":17}},"loc":{"start":{"line":58,"column":36},"end":{"line":73,"column":11}},"line":58},"5":{"name":"(anonymous_5)","decl":{"start":{"line":67,"column":20},"end":{"line":67,"column":21}},"loc":{"start":{"line":67,"column":30},"end":{"line":72,"column":15}},"line":67}},"branchMap":{"0":{"loc":{"start":{"line":32,"column":8},"end":{"line":37,"column":15}},"type":"if","locations":[{"start":{"line":32,"column":8},"end":{"line":37,"column":15}},{"start":{"line":32,"column":8},"end":{"line":37,"column":15}}],"line":32},"1":{"loc":{"start":{"line":40,"column":8},"end":{"line":46,"column":9}},"type":"if","locations":[{"start":{"line":40,"column":8},"end":{"line":46,"column":9}},{"start":{"line":40,"column":8},"end":{"line":46,"column":9}}],"line":40},"2":{"loc":{"start":{"line":50,"column":10},"end":{"line":55,"column":19}},"type":"if","locations":[{"start":{"line":50,"column":10},"end":{"line":55,"column":19}},{"start":{"line":50,"column":10},"end":{"line":55,"column":19}}],"line":50}},"s":{"0":1,"1":1,"2":1,"3":1,"4":1,"5":1,"6":1,"7":1,"8":0,"9":0,"10":0,"11":0,"12":0,"13":0,"14":0,"15":0,"16":0,"17":0,"18":0,"19":0,"20":0,"21":0,"22":0,"23":0,"24":1},"f":{"0":0,"1":0,"2":0,"3":0,"4":0,"5":0},"b":{"0":[0,0],"1":[0,0],"2":[0,0]},"_coverageSchema":"1a1c01bbd47fc00a2c39e90264f33305004495a9","hash":"c7bed9a7eeb29a13cbdcf758814d60f01fba3e4b","contentHash":"d8f88701711a7453f861b5f217cef6a8ac80c2f4599369f38570b60c611d2c37"},"/Users/nickfarni/WebstormProjects/truth-checker-api/src/middleware/jwt-auth.js":{"path":"/Users/nickfarni/WebstormProjects/truth-checker-api/src/middleware/jwt-auth.js","statementMap":{"0":{"start":{"line":2,"column":20},"end":{"line":2,"column":51}},"1":{"start":{"line":5,"column":22},"end":{"line":5,"column":52}},"2":{"start":{"line":8,"column":4},"end":{"line":17,"column":5}},"3":{"start":{"line":9,"column":12},"end":{"line":13,"column":14}},"4":{"start":{"line":16,"column":8},"end":{"line":16,"column":58}},"5":{"start":{"line":19,"column":4},"end":{"line":46,"column":5}},"6":{"start":{"line":20,"column":24},"end":{"line":20,"column":58}},"7":{"start":{"line":21,"column":8},"end":{"line":38,"column":15}},"8":{"start":{"line":23,"column":16},"end":{"line":31,"column":17}},"9":{"start":{"line":24,"column":20},"end":{"line":30,"column":22}},"10":{"start":{"line":32,"column":16},"end":{"line":32,"column":32}},"11":{"start":{"line":33,"column":16},"end":{"line":33,"column":23}},"12":{"start":{"line":36,"column":16},"end":{"line":36,"column":33}},"13":{"start":{"line":37,"column":16},"end":{"line":37,"column":26}},"14":{"start":{"line":41,"column":8},"end":{"line":45,"column":14}},"15":{"start":{"line":49,"column":0},"end":{"line":49,"column":33}}},"fnMap":{"0":{"name":"requireAuth","decl":{"start":{"line":4,"column":9},"end":{"line":4,"column":20}},"loc":{"start":{"line":4,"column":37},"end":{"line":47,"column":1}},"line":4},"1":{"name":"(anonymous_1)","decl":{"start":{"line":22,"column":18},"end":{"line":22,"column":19}},"loc":{"start":{"line":22,"column":26},"end":{"line":34,"column":13}},"line":22},"2":{"name":"(anonymous_2)","decl":{"start":{"line":35,"column":19},"end":{"line":35,"column":20}},"loc":{"start":{"line":35,"column":26},"end":{"line":38,"column":13}},"line":35}},"branchMap":{"0":{"loc":{"start":{"line":5,"column":22},"end":{"line":5,"column":52}},"type":"binary-expr","locations":[{"start":{"line":5,"column":22},"end":{"line":5,"column":46}},{"start":{"line":5,"column":50},"end":{"line":5,"column":52}}],"line":5},"1":{"loc":{"start":{"line":8,"column":4},"end":{"line":17,"column":5}},"type":"if","locations":[{"start":{"line":8,"column":4},"end":{"line":17,"column":5}},{"start":{"line":8,"column":4},"end":{"line":17,"column":5}}],"line":8},"2":{"loc":{"start":{"line":23,"column":16},"end":{"line":31,"column":17}},"type":"if","locations":[{"start":{"line":23,"column":16},"end":{"line":31,"column":17}},{"start":{"line":23,"column":16},"end":{"line":31,"column":17}}],"line":23}},"s":{"0":1,"1":0,"2":0,"3":0,"4":0,"5":0,"6":0,"7":0,"8":0,"9":0,"10":0,"11":0,"12":0,"13":0,"14":0,"15":1},"f":{"0":0,"1":0,"2":0},"b":{"0":[0,0],"1":[0,0],"2":[0,0]},"_coverageSchema":"1a1c01bbd47fc00a2c39e90264f33305004495a9","hash":"fa65e85895e98f41a342066b7a9e9ce7a65f2732","contentHash":"47f07645633b03f4f6aed1c9b4201f5e43992e235adcb1f3ec8f9215ceef30c2"},"/Users/nickfarni/WebstormProjects/truth-checker-api/src/auth/auth-service.js":{"path":"/Users/nickfarni/WebstormProjects/truth-checker-api/src/auth/auth-service.js","statementMap":{"0":{"start":{"line":2,"column":15},"end":{"line":2,"column":35}},"1":{"start":{"line":3,"column":15},"end":{"line":3,"column":45}},"2":{"start":{"line":6,"column":15},"end":{"line":6,"column":34}},"3":{"start":{"line":7,"column":12},"end":{"line":7,"column":35}},"4":{"start":{"line":9,"column":20},"end":{"line":51,"column":1}},"5":{"start":{"line":12,"column":8},"end":{"line":14,"column":10}},"6":{"start":{"line":18,"column":8},"end":{"line":27,"column":10}},"7":{"start":{"line":31,"column":8},"end":{"line":33,"column":20}},"8":{"start":{"line":37,"column":8},"end":{"line":40,"column":23}},"9":{"start":{"line":44,"column":8},"end":{"line":48,"column":10}},"10":{"start":{"line":53,"column":0},"end":{"line":53,"column":29}}},"fnMap":{"0":{"name":"(anonymous_0)","decl":{"start":{"line":11,"column":22},"end":{"line":11,"column":23}},"loc":{"start":{"line":11,"column":42},"end":{"line":15,"column":5}},"line":11},"1":{"name":"(anonymous_1)","decl":{"start":{"line":17,"column":15},"end":{"line":17,"column":16}},"loc":{"start":{"line":17,"column":37},"end":{"line":28,"column":5}},"line":17},"2":{"name":"(anonymous_2)","decl":{"start":{"line":30,"column":22},"end":{"line":30,"column":23}},"loc":{"start":{"line":30,"column":33},"end":{"line":34,"column":5}},"line":30},"3":{"name":"(anonymous_3)","decl":{"start":{"line":36,"column":21},"end":{"line":36,"column":22}},"loc":{"start":{"line":36,"column":32},"end":{"line":41,"column":5}},"line":36},"4":{"name":"(anonymous_4)","decl":{"start":{"line":43,"column":15},"end":{"line":43,"column":16}},"loc":{"start":{"line":43,"column":26},"end":{"line":49,"column":5}},"line":43}},"branchMap":{},"s":{"0":1,"1":1,"2":1,"3":1,"4":1,"5":0,"6":0,"7":0,"8":0,"9":0,"10":1},"f":{"0":0,"1":0,"2":0,"3":0,"4":0},"b":{},"_coverageSchema":"1a1c01bbd47fc00a2c39e90264f33305004495a9","hash":"5c0c9a0cf32633ea84b0e202e85cccc03f084bd6","contentHash":"672568642c9059ba6add8e329e7e9bff1d839f2ff76bf86385964f4b28dc07c3"},"/Users/nickfarni/WebstormProjects/truth-checker-api/src/database/connect.js":{"path":"/Users/nickfarni/WebstormProjects/truth-checker-api/src/database/connect.js","statementMap":{"0":{"start":{"line":4,"column":58},"end":{"line":4,"column":78}},"1":{"start":{"line":5,"column":58},"end":{"line":5,"column":73}},"2":{"start":{"line":8,"column":11},"end":{"line":11,"column":2}},"3":{"start":{"line":13,"column":15},"end":{"line":16,"column":2}},"4":{"start":{"line":19,"column":18},"end":{"line":19,"column":23}},"5":{"start":{"line":21,"column":0},"end":{"line":21,"column":54}},"6":{"start":{"line":21,"column":32},"end":{"line":21,"column":50}},"7":{"start":{"line":23,"column":0},"end":{"line":23,"column":44}}},"fnMap":{"0":{"name":"(anonymous_0)","decl":{"start":{"line":21,"column":19},"end":{"line":21,"column":20}},"loc":{"start":{"line":21,"column":30},"end":{"line":21,"column":52}},"line":21}},"branchMap":{"0":{"loc":{"start":{"line":10,"column":16},"end":{"line":10,"column":70}},"type":"cond-expr","locations":[{"start":{"line":10,"column":38},"end":{"line":10,"column":55}},{"start":{"line":10,"column":58},"end":{"line":10,"column":70}}],"line":10}},"s":{"0":1,"1":1,"2":1,"3":1,"4":1,"5":1,"6":0,"7":1},"f":{"0":0},"b":{"0":[0,1]},"_coverageSchema":"1a1c01bbd47fc00a2c39e90264f33305004495a9","hash":"1d7cbd36c3472ef64e46ed116b255a1771e521aa","contentHash":"3bfb693b733c163c90e904dbc4a54fa7b5a8443fce1fb1e33fccd7e662c69cc3"},"/Users/nickfarni/WebstormProjects/truth-checker-api/src/users/users-service.js":{"path":"/Users/nickfarni/WebstormProjects/truth-checker-api/src/users/users-service.js","statementMap":{"0":{"start":{"line":2,"column":18},"end":{"line":2,"column":32}},"1":{"start":{"line":3,"column":18},"end":{"line":3,"column":37}},"2":{"start":{"line":4,"column":18},"end":{"line":4,"column":48}},"3":{"start":{"line":6,"column":41},"end":{"line":6,"column":98}},"4":{"start":{"line":8,"column":21},"end":{"line":63,"column":1}},"5":{"start":{"line":11,"column":8},"end":{"line":13,"column":24}},"6":{"start":{"line":17,"column":8},"end":{"line":21,"column":36}},"7":{"start":{"line":21,"column":30},"end":{"line":21,"column":34}},"8":{"start":{"line":25,"column":8},"end":{"line":27,"column":9}},"9":{"start":{"line":26,"column":12},"end":{"line":26,"column":63}},"10":{"start":{"line":28,"column":8},"end":{"line":30,"column":9}},"11":{"start":{"line":29,"column":12},"end":{"line":29,"column":66}},"12":{"start":{"line":31,"column":8},"end":{"line":33,"column":9}},"13":{"start":{"line":32,"column":12},"end":{"line":32,"column":56}},"14":{"start":{"line":34,"column":8},"end":{"line":36,"column":9}},"15":{"start":{"line":35,"column":12},"end":{"line":35,"column":54}},"16":{"start":{"line":37,"column":8},"end":{"line":39,"column":9}},"17":{"start":{"line":38,"column":12},"end":{"line":38,"column":97}},"18":{"start":{"line":40,"column":8},"end":{"line":40,"column":20}},"19":{"start":{"line":44,"column":8},"end":{"line":44,"column":35}},"20":{"start":{"line":48,"column":8},"end":{"line":51,"column":34}},"21":{"start":{"line":51,"column":26},"end":{"line":51,"column":32}},"22":{"start":{"line":56,"column":8},"end":{"line":60,"column":10}},"23":{"start":{"line":65,"column":0},"end":{"line":65,"column":30}}},"fnMap":{"0":{"name":"(anonymous_0)","decl":{"start":{"line":10,"column":17},"end":{"line":10,"column":18}},"loc":{"start":{"line":10,"column":23},"end":{"line":14,"column":5}},"line":10},"1":{"name":"(anonymous_1)","decl":{"start":{"line":16,"column":16},"end":{"line":16,"column":17}},"loc":{"start":{"line":16,"column":29},"end":{"line":22,"column":5}},"line":16},"2":{"name":"(anonymous_2)","decl":{"start":{"line":21,"column":18},"end":{"line":21,"column":19}},"loc":{"start":{"line":21,"column":30},"end":{"line":21,"column":34}},"line":21},"3":{"name":"(anonymous_3)","decl":{"start":{"line":24,"column":22},"end":{"line":24,"column":23}},"loc":{"start":{"line":24,"column":36},"end":{"line":41,"column":5}},"line":24},"4":{"name":"(anonymous_4)","decl":{"start":{"line":43,"column":18},"end":{"line":43,"column":19}},"loc":{"start":{"line":43,"column":26},"end":{"line":45,"column":5}},"line":43},"5":{"name":"(anonymous_5)","decl":{"start":{"line":47,"column":22},"end":{"line":47,"column":23}},"loc":{"start":{"line":47,"column":33},"end":{"line":52,"column":5}},"line":47},"6":{"name":"(anonymous_6)","decl":{"start":{"line":51,"column":18},"end":{"line":51,"column":19}},"loc":{"start":{"line":51,"column":26},"end":{"line":51,"column":32}},"line":51},"7":{"name":"(anonymous_7)","decl":{"start":{"line":55,"column":19},"end":{"line":55,"column":20}},"loc":{"start":{"line":55,"column":29},"end":{"line":61,"column":5}},"line":55}},"branchMap":{"0":{"loc":{"start":{"line":25,"column":8},"end":{"line":27,"column":9}},"type":"if","locations":[{"start":{"line":25,"column":8},"end":{"line":27,"column":9}},{"start":{"line":25,"column":8},"end":{"line":27,"column":9}}],"line":25},"1":{"loc":{"start":{"line":28,"column":8},"end":{"line":30,"column":9}},"type":"if","locations":[{"start":{"line":28,"column":8},"end":{"line":30,"column":9}},{"start":{"line":28,"column":8},"end":{"line":30,"column":9}}],"line":28},"2":{"loc":{"start":{"line":31,"column":8},"end":{"line":33,"column":9}},"type":"if","locations":[{"start":{"line":31,"column":8},"end":{"line":33,"column":9}},{"start":{"line":31,"column":8},"end":{"line":33,"column":9}}],"line":31},"3":{"loc":{"start":{"line":34,"column":8},"end":{"line":36,"column":9}},"type":"if","locations":[{"start":{"line":34,"column":8},"end":{"line":36,"column":9}},{"start":{"line":34,"column":8},"end":{"line":36,"column":9}}],"line":34},"4":{"loc":{"start":{"line":37,"column":8},"end":{"line":39,"column":9}},"type":"if","locations":[{"start":{"line":37,"column":8},"end":{"line":39,"column":9}},{"start":{"line":37,"column":8},"end":{"line":39,"column":9}}],"line":37}},"s":{"0":1,"1":1,"2":1,"3":1,"4":1,"5":0,"6":0,"7":0,"8":0,"9":0,"10":0,"11":0,"12":0,"13":0,"14":0,"15":0,"16":0,"17":0,"18":0,"19":0,"20":0,"21":0,"22":0,"23":1},"f":{"0":0,"1":0,"2":0,"3":0,"4":0,"5":0,"6":0,"7":0},"b":{"0":[0,0],"1":[0,0],"2":[0,0],"3":[0,0],"4":[0,0]},"_coverageSchema":"1a1c01bbd47fc00a2c39e90264f33305004495a9","hash":"06cae994748e8e0a1793e38a1aeb6f57389858ff","contentHash":"adb7ef7c6cd9cb4d48f8b51c453f4f0a1f98f78f9151ffb6b608b61b893e24f4"},"/Users/nickfarni/WebstormProjects/truth-checker-api/src/facts/facts-router.js":{"path":"/Users/nickfarni/WebstormProjects/truth-checker-api/src/facts/facts-router.js","statementMap":{"0":{"start":{"line":4,"column":34},"end":{"line":4,"column":52}},"1":{"start":{"line":5,"column":34},"end":{"line":5,"column":42}},"2":{"start":{"line":6,"column":34},"end":{"line":6,"column":40}},"3":{"start":{"line":7,"column":34},"end":{"line":7,"column":49}},"4":{"start":{"line":10,"column":34},"end":{"line":10,"column":82}},"5":{"start":{"line":11,"column":34},"end":{"line":11,"column":74}},"6":{"start":{"line":12,"column":34},"end":{"line":12,"column":60}},"7":{"start":{"line":13,"column":34},"end":{"line":13,"column":50}},"8":{"start":{"line":16,"column":0},"end":{"line":46,"column":6}},"9":{"start":{"line":19,"column":6},"end":{"line":24,"column":22}},"10":{"start":{"line":22,"column":12},"end":{"line":22,"column":58}},"11":{"start":{"line":29,"column":35},"end":{"line":29,"column":43}},"12":{"start":{"line":30,"column":31},"end":{"line":30,"column":41}},"13":{"start":{"line":31,"column":23},"end":{"line":31,"column":32}},"14":{"start":{"line":32,"column":23},"end":{"line":32,"column":30}},"15":{"start":{"line":33,"column":24},"end":{"line":33,"column":74}},"16":{"start":{"line":36,"column":6},"end":{"line":36,"column":41}},"17":{"start":{"line":38,"column":6},"end":{"line":45,"column":22}},"18":{"start":{"line":41,"column":12},"end":{"line":43,"column":55}},"19":{"start":{"line":48,"column":0},"end":{"line":145,"column":6}},"20":{"start":{"line":52,"column":6},"end":{"line":52,"column":59}},"21":{"start":{"line":56,"column":26},"end":{"line":56,"column":36}},"22":{"start":{"line":58,"column":6},"end":{"line":67,"column":23}},"23":{"start":{"line":61,"column":12},"end":{"line":65,"column":14}},"24":{"start":{"line":78,"column":10},"end":{"line":78,"column":18}},"25":{"start":{"line":80,"column":19},"end":{"line":87,"column":7}},"26":{"start":{"line":89,"column":22},"end":{"line":89,"column":40}},"27":{"start":{"line":92,"column":6},"end":{"line":96,"column":7}},"28":{"start":{"line":93,"column":8},"end":{"line":95,"column":9}},"29":{"start":{"line":94,"column":10},"end":{"line":94,"column":26}},"30":{"start":{"line":99,"column":26},"end":{"line":99,"column":68}},"31":{"start":{"line":102,"column":6},"end":{"line":112,"column":7}},"32":{"start":{"line":103,"column":8},"end":{"line":111,"column":9}},"33":{"start":{"line":115,"column":29},"end":{"line":121,"column":31}},"34":{"start":{"line":123,"column":28},"end":{"line":126,"column":9}},"35":{"start":{"line":128,"column":6},"end":{"line":143,"column":12}},"36":{"start":{"line":133,"column":12},"end":{"line":139,"column":16}},"37":{"start":{"line":135,"column":18},"end":{"line":135,"column":51}},"38":{"start":{"line":138,"column":16},"end":{"line":138,"column":51}},"39":{"start":{"line":142,"column":12},"end":{"line":142,"column":51}},"40":{"start":{"line":147,"column":0},"end":{"line":147,"column":29}}},"fnMap":{"0":{"name":"(anonymous_0)","decl":{"start":{"line":18,"column":9},"end":{"line":18,"column":10}},"loc":{"start":{"line":18,"column":29},"end":{"line":25,"column":5}},"line":18},"1":{"name":"(anonymous_1)","decl":{"start":{"line":21,"column":16},"end":{"line":21,"column":17}},"loc":{"start":{"line":21,"column":24},"end":{"line":23,"column":11}},"line":21},"2":{"name":"(anonymous_2)","decl":{"start":{"line":26,"column":26},"end":{"line":26,"column":27}},"loc":{"start":{"line":26,"column":46},"end":{"line":46,"column":5}},"line":26},"3":{"name":"(anonymous_3)","decl":{"start":{"line":40,"column":16},"end":{"line":40,"column":17}},"loc":{"start":{"line":40,"column":24},"end":{"line":44,"column":11}},"line":40},"4":{"name":"(anonymous_4)","decl":{"start":{"line":51,"column":9},"end":{"line":51,"column":10}},"loc":{"start":{"line":51,"column":29},"end":{"line":53,"column":5}},"line":51},"5":{"name":"(anonymous_5)","decl":{"start":{"line":54,"column":12},"end":{"line":54,"column":13}},"loc":{"start":{"line":54,"column":32},"end":{"line":68,"column":5}},"line":54},"6":{"name":"(anonymous_6)","decl":{"start":{"line":60,"column":16},"end":{"line":60,"column":17}},"loc":{"start":{"line":60,"column":22},"end":{"line":66,"column":11}},"line":60},"7":{"name":"(anonymous_7)","decl":{"start":{"line":69,"column":27},"end":{"line":69,"column":28}},"loc":{"start":{"line":69,"column":47},"end":{"line":145,"column":5}},"line":69},"8":{"name":"(anonymous_8)","decl":{"start":{"line":132,"column":16},"end":{"line":132,"column":17}},"loc":{"start":{"line":132,"column":22},"end":{"line":140,"column":11}},"line":132},"9":{"name":"(anonymous_9)","decl":{"start":{"line":134,"column":20},"end":{"line":134,"column":21}},"loc":{"start":{"line":134,"column":30},"end":{"line":136,"column":17}},"line":134},"10":{"name":"(anonymous_10)","decl":{"start":{"line":137,"column":21},"end":{"line":137,"column":22}},"loc":{"start":{"line":137,"column":30},"end":{"line":139,"column":15}},"line":137},"11":{"name":"(anonymous_11)","decl":{"start":{"line":141,"column":17},"end":{"line":141,"column":18}},"loc":{"start":{"line":141,"column":26},"end":{"line":143,"column":11}},"line":141}},"branchMap":{"0":{"loc":{"start":{"line":93,"column":8},"end":{"line":95,"column":9}},"type":"if","locations":[{"start":{"line":93,"column":8},"end":{"line":95,"column":9}},{"start":{"line":93,"column":8},"end":{"line":95,"column":9}}],"line":93},"1":{"loc":{"start":{"line":102,"column":6},"end":{"line":112,"column":7}},"type":"if","locations":[{"start":{"line":102,"column":6},"end":{"line":112,"column":7}},{"start":{"line":102,"column":6},"end":{"line":112,"column":7}}],"line":102},"2":{"loc":{"start":{"line":115,"column":29},"end":{"line":121,"column":31}},"type":"cond-expr","locations":[{"start":{"line":116,"column":14},"end":{"line":116,"column":24}},{"start":{"line":117,"column":14},"end":{"line":121,"column":31}}],"line":115},"3":{"loc":{"start":{"line":117,"column":14},"end":{"line":121,"column":31}},"type":"cond-expr","locations":[{"start":{"line":118,"column":18},"end":{"line":118,"column":28}},{"start":{"line":119,"column":18},"end":{"line":121,"column":31}}],"line":117},"4":{"loc":{"start":{"line":119,"column":18},"end":{"line":121,"column":31}},"type":"cond-expr","locations":[{"start":{"line":120,"column":22},"end":{"line":120,"column":36}},{"start":{"line":121,"column":22},"end":{"line":121,"column":31}}],"line":119}},"s":{"0":1,"1":1,"2":1,"3":1,"4":1,"5":1,"6":1,"7":1,"8":1,"9":0,"10":0,"11":0,"12":0,"13":0,"14":0,"15":0,"16":0,"17":0,"18":0,"19":1,"20":0,"21":0,"22":0,"23":0,"24":0,"25":0,"26":0,"27":0,"28":0,"29":0,"30":0,"31":0,"32":0,"33":0,"34":0,"35":0,"36":0,"37":0,"38":0,"39":0,"40":1},"f":{"0":0,"1":0,"2":0,"3":0,"4":0,"5":0,"6":0,"7":0,"8":0,"9":0,"10":0,"11":0},"b":{"0":[0,0],"1":[0,0],"2":[0,0],"3":[0,0],"4":[0,0]},"_coverageSchema":"1a1c01bbd47fc00a2c39e90264f33305004495a9","hash":"fa336572cab3f1b0845741410b61af14ac510f04","contentHash":"25cac9794ecf83c841e235f1261b259d5c81a5fa4a479028ea1eb69e23eb65c3"},"/Users/nickfarni/WebstormProjects/truth-checker-api/src/middleware/check-for-missing-value.js":{"path":"/Users/nickfarni/WebstormProjects/truth-checker-api/src/middleware/check-for-missing-value.js","statementMap":{"0":{"start":{"line":2,"column":29},"end":{"line":14,"column":1}},"1":{"start":{"line":3,"column":8},"end":{"line":13,"column":9}},"2":{"start":{"line":4,"column":12},"end":{"line":10,"column":26}},"3":{"start":{"line":5,"column":16},"end":{"line":10,"column":26}},"4":{"start":{"line":6,"column":20},"end":{"line":10,"column":26}},"5":{"start":{"line":16,"column":0},"end":{"line":16,"column":41}}},"fnMap":{"0":{"name":"(anonymous_0)","decl":{"start":{"line":2,"column":29},"end":{"line":2,"column":30}},"loc":{"start":{"line":2,"column":49},"end":{"line":14,"column":1}},"line":2}},"branchMap":{"0":{"loc":{"start":{"line":5,"column":16},"end":{"line":10,"column":26}},"type":"if","locations":[{"start":{"line":5,"column":16},"end":{"line":10,"column":26}},{"start":{"line":5,"column":16},"end":{"line":10,"column":26}}],"line":5},"1":{"loc":{"start":{"line":5,"column":20},"end":{"line":5,"column":57}},"type":"binary-expr","locations":[{"start":{"line":5,"column":20},"end":{"line":5,"column":39}},{"start":{"line":5,"column":43},"end":{"line":5,"column":57}}],"line":5}},"s":{"0":1,"1":0,"2":0,"3":0,"4":0,"5":1},"f":{"0":0},"b":{"0":[0,0],"1":[0,0]},"_coverageSchema":"1a1c01bbd47fc00a2c39e90264f33305004495a9","hash":"9da6149361f8b4d5dd28cc109a9ecdc52d8e8510","contentHash":"16bd55795166bc20fb72fd43cd48f785c7a827b153bc1728ea910ac6cc8a3bd6"},"/Users/nickfarni/WebstormProjects/truth-checker-api/src/middleware/check-if-exists.js":{"path":"/Users/nickfarni/WebstormProjects/truth-checker-api/src/middleware/check-if-exists.js","statementMap":{"0":{"start":{"line":2,"column":26},"end":{"line":2,"column":59}},"1":{"start":{"line":3,"column":26},"end":{"line":3,"column":63}},"2":{"start":{"line":5,"column":24},"end":{"line":21,"column":1}},"3":{"start":{"line":6,"column":4},"end":{"line":20,"column":5}},"4":{"start":{"line":7,"column":21},"end":{"line":7,"column":73}},"5":{"start":{"line":8,"column":8},"end":{"line":17,"column":9}},"6":{"start":{"line":9,"column":12},"end":{"line":13,"column":18}},"7":{"start":{"line":15,"column":12},"end":{"line":15,"column":28}},"8":{"start":{"line":16,"column":12},"end":{"line":16,"column":19}},"9":{"start":{"line":19,"column":8},"end":{"line":19,"column":20}},"10":{"start":{"line":23,"column":26},"end":{"line":39,"column":1}},"11":{"start":{"line":24,"column":4},"end":{"line":38,"column":5}},"12":{"start":{"line":25,"column":23},"end":{"line":25,"column":81}},"13":{"start":{"line":26,"column":8},"end":{"line":35,"column":9}},"14":{"start":{"line":27,"column":12},"end":{"line":31,"column":18}},"15":{"start":{"line":33,"column":12},"end":{"line":33,"column":32}},"16":{"start":{"line":34,"column":12},"end":{"line":34,"column":19}},"17":{"start":{"line":37,"column":8},"end":{"line":37,"column":20}},"18":{"start":{"line":41,"column":0},"end":{"line":44,"column":1}}},"fnMap":{"0":{"name":"(anonymous_0)","decl":{"start":{"line":5,"column":24},"end":{"line":5,"column":25}},"loc":{"start":{"line":5,"column":50},"end":{"line":21,"column":1}},"line":5},"1":{"name":"(anonymous_1)","decl":{"start":{"line":23,"column":26},"end":{"line":23,"column":27}},"loc":{"start":{"line":23,"column":52},"end":{"line":39,"column":1}},"line":23}},"branchMap":{"0":{"loc":{"start":{"line":8,"column":8},"end":{"line":17,"column":9}},"type":"if","locations":[{"start":{"line":8,"column":8},"end":{"line":17,"column":9}},{"start":{"line":8,"column":8},"end":{"line":17,"column":9}}],"line":8},"1":{"loc":{"start":{"line":26,"column":8},"end":{"line":35,"column":9}},"type":"if","locations":[{"start":{"line":26,"column":8},"end":{"line":35,"column":9}},{"start":{"line":26,"column":8},"end":{"line":35,"column":9}}],"line":26}},"s":{"0":1,"1":1,"2":1,"3":0,"4":0,"5":0,"6":0,"7":0,"8":0,"9":0,"10":1,"11":0,"12":0,"13":0,"14":0,"15":0,"16":0,"17":0,"18":1},"f":{"0":0,"1":0},"b":{"0":[0,0],"1":[0,0]},"_coverageSchema":"1a1c01bbd47fc00a2c39e90264f33305004495a9","hash":"d59de85af8f968452d9f058aa87e311fe6af4ca0","contentHash":"836f8aa02d16d236a99a403686af3468bf9af9d5a3dd1a71a1ae3f4210d251b0"},"/Users/nickfarni/WebstormProjects/truth-checker-api/src/facts/facts-service.js":{"path":"/Users/nickfarni/WebstormProjects/truth-checker-api/src/facts/facts-service.js","statementMap":{"0":{"start":{"line":1,"column":22},"end":{"line":1,"column":36}},"1":{"start":{"line":2,"column":22},"end":{"line":2,"column":41}},"2":{"start":{"line":3,"column":22},"end":{"line":3,"column":52}},"3":{"start":{"line":5,"column":21},"end":{"line":62,"column":1}},"4":{"start":{"line":8,"column":8},"end":{"line":11,"column":21}},"5":{"start":{"line":15,"column":8},"end":{"line":17,"column":24}},"6":{"start":{"line":21,"column":8},"end":{"line":25,"column":20}},"7":{"start":{"line":29,"column":8},"end":{"line":33,"column":51}},"8":{"start":{"line":33,"column":38},"end":{"line":33,"column":50}},"9":{"start":{"line":37,"column":8},"end":{"line":40,"column":27}},"10":{"start":{"line":44,"column":26},"end":{"line":44,"column":106}},"11":{"start":{"line":45,"column":28},"end":{"line":45,"column":114}},"12":{"start":{"line":46,"column":25},"end":{"line":46,"column":103}},"13":{"start":{"line":47,"column":24},"end":{"line":47,"column":102}},"14":{"start":{"line":48,"column":25},"end":{"line":48,"column":112}},"15":{"start":{"line":49,"column":8},"end":{"line":59,"column":9}},"16":{"start":{"line":64,"column":0},"end":{"line":64,"column":30}}},"fnMap":{"0":{"name":"(anonymous_0)","decl":{"start":{"line":7,"column":16},"end":{"line":7,"column":17}},"loc":{"start":{"line":7,"column":29},"end":{"line":12,"column":5}},"line":7},"1":{"name":"(anonymous_1)","decl":{"start":{"line":14,"column":17},"end":{"line":14,"column":18}},"loc":{"start":{"line":14,"column":23},"end":{"line":18,"column":5}},"line":14},"2":{"name":"(anonymous_2)","decl":{"start":{"line":20,"column":17},"end":{"line":20,"column":18}},"loc":{"start":{"line":20,"column":30},"end":{"line":26,"column":5}},"line":20},"3":{"name":"(anonymous_3)","decl":{"start":{"line":28,"column":16},"end":{"line":28,"column":17}},"loc":{"start":{"line":28,"column":26},"end":{"line":34,"column":5}},"line":28},"4":{"name":"(anonymous_4)","decl":{"start":{"line":33,"column":18},"end":{"line":33,"column":19}},"loc":{"start":{"line":33,"column":38},"end":{"line":33,"column":50}},"line":33},"5":{"name":"(anonymous_5)","decl":{"start":{"line":36,"column":16},"end":{"line":36,"column":17}},"loc":{"start":{"line":36,"column":37},"end":{"line":41,"column":5}},"line":36},"6":{"name":"(anonymous_6)","decl":{"start":{"line":43,"column":19},"end":{"line":43,"column":20}},"loc":{"start":{"line":43,"column":29},"end":{"line":60,"column":5}},"line":43}},"branchMap":{"0":{"loc":{"start":{"line":44,"column":26},"end":{"line":44,"column":106}},"type":"cond-expr","locations":[{"start":{"line":44,"column":48},"end":{"line":44,"column":99}},{"start":{"line":44,"column":102},"end":{"line":44,"column":106}}],"line":44},"1":{"loc":{"start":{"line":45,"column":28},"end":{"line":45,"column":114}},"type":"cond-expr","locations":[{"start":{"line":45,"column":53},"end":{"line":45,"column":107}},{"start":{"line":45,"column":110},"end":{"line":45,"column":114}}],"line":45},"2":{"loc":{"start":{"line":46,"column":25},"end":{"line":46,"column":103}},"type":"cond-expr","locations":[{"start":{"line":46,"column":46},"end":{"line":46,"column":96}},{"start":{"line":46,"column":99},"end":{"line":46,"column":103}}],"line":46},"3":{"loc":{"start":{"line":47,"column":24},"end":{"line":47,"column":102}},"type":"cond-expr","locations":[{"start":{"line":47,"column":45},"end":{"line":47,"column":95}},{"start":{"line":47,"column":98},"end":{"line":47,"column":102}}],"line":47},"4":{"loc":{"start":{"line":48,"column":25},"end":{"line":48,"column":112}},"type":"cond-expr","locations":[{"start":{"line":48,"column":35},"end":{"line":48,"column":45}},{"start":{"line":48,"column":48},"end":{"line":48,"column":112}}],"line":48},"5":{"loc":{"start":{"line":48,"column":48},"end":{"line":48,"column":112}},"type":"cond-expr","locations":[{"start":{"line":48,"column":59},"end":{"line":48,"column":69}},{"start":{"line":48,"column":72},"end":{"line":48,"column":112}}],"line":48},"6":{"loc":{"start":{"line":48,"column":72},"end":{"line":48,"column":112}},"type":"cond-expr","locations":[{"start":{"line":48,"column":86},"end":{"line":48,"column":100}},{"start":{"line":48,"column":103},"end":{"line":48,"column":112}}],"line":48}},"s":{"0":1,"1":1,"2":1,"3":1,"4":0,"5":0,"6":0,"7":0,"8":0,"9":0,"10":0,"11":0,"12":0,"13":0,"14":0,"15":0,"16":1},"f":{"0":0,"1":0,"2":0,"3":0,"4":0,"5":0,"6":0},"b":{"0":[0,0],"1":[0,0],"2":[0,0],"3":[0,0],"4":[0,0],"5":[0,0],"6":[0,0]},"_coverageSchema":"1a1c01bbd47fc00a2c39e90264f33305004495a9","hash":"5fae4a4b8ee67da022cb2699ad6d2dfa1fe27667","contentHash":"93b2d5c80da80cb8f12b9c5e9fb835496a32cec815dcb3ce9acacd5f983c322f"},"/Users/nickfarni/WebstormProjects/truth-checker-api/src/reports/reports-service.js":{"path":"/Users/nickfarni/WebstormProjects/truth-checker-api/src/reports/reports-service.js","statementMap":{"0":{"start":{"line":2,"column":15},"end":{"line":2,"column":45}},"1":{"start":{"line":4,"column":23},"end":{"line":75,"column":1}},"2":{"start":{"line":8,"column":8},"end":{"line":33,"column":52}},"3":{"start":{"line":37,"column":8},"end":{"line":41,"column":20}},"4":{"start":{"line":45,"column":8},"end":{"line":50,"column":77}},"5":{"start":{"line":49,"column":32},"end":{"line":49,"column":38}},"6":{"start":{"line":50,"column":28},"end":{"line":50,"column":76}},"7":{"start":{"line":54,"column":8},"end":{"line":57,"column":27}},"8":{"start":{"line":62,"column":21},"end":{"line":71,"column":13}},"9":{"start":{"line":63,"column":24},"end":{"line":63,"column":40}},"10":{"start":{"line":64,"column":10},"end":{"line":69,"column":11}},"11":{"start":{"line":65,"column":12},"end":{"line":65,"column":43}},"12":{"start":{"line":66,"column":12},"end":{"line":66,"column":55}},"13":{"start":{"line":68,"column":12},"end":{"line":68,"column":56}},"14":{"start":{"line":70,"column":10},"end":{"line":70,"column":21}},"15":{"start":{"line":72,"column":8},"end":{"line":72,"column":59}},"16":{"start":{"line":72,"column":46},"end":{"line":72,"column":57}},"17":{"start":{"line":77,"column":0},"end":{"line":77,"column":32}}},"fnMap":{"0":{"name":"(anonymous_0)","decl":{"start":{"line":7,"column":16},"end":{"line":7,"column":17}},"loc":{"start":{"line":7,"column":22},"end":{"line":34,"column":5}},"line":7},"1":{"name":"(anonymous_1)","decl":{"start":{"line":36,"column":19},"end":{"line":36,"column":20}},"loc":{"start":{"line":36,"column":34},"end":{"line":42,"column":5}},"line":36},"2":{"name":"(anonymous_2)","decl":{"start":{"line":44,"column":18},"end":{"line":44,"column":19}},"loc":{"start":{"line":44,"column":30},"end":{"line":51,"column":5}},"line":44},"3":{"name":"(anonymous_3)","decl":{"start":{"line":49,"column":18},"end":{"line":49,"column":19}},"loc":{"start":{"line":49,"column":32},"end":{"line":49,"column":38}},"line":49},"4":{"name":"(anonymous_4)","decl":{"start":{"line":50,"column":18},"end":{"line":50,"column":19}},"loc":{"start":{"line":50,"column":28},"end":{"line":50,"column":76}},"line":50},"5":{"name":"(anonymous_5)","decl":{"start":{"line":53,"column":18},"end":{"line":53,"column":19}},"loc":{"start":{"line":53,"column":41},"end":{"line":58,"column":5}},"line":53},"6":{"name":"(anonymous_6)","decl":{"start":{"line":61,"column":23},"end":{"line":61,"column":24}},"loc":{"start":{"line":61,"column":32},"end":{"line":73,"column":7}},"line":61},"7":{"name":"(anonymous_7)","decl":{"start":{"line":62,"column":32},"end":{"line":62,"column":33}},"loc":{"start":{"line":62,"column":46},"end":{"line":71,"column":9}},"line":62},"8":{"name":"(anonymous_8)","decl":{"start":{"line":72,"column":39},"end":{"line":72,"column":40}},"loc":{"start":{"line":72,"column":46},"end":{"line":72,"column":57}},"line":72}},"branchMap":{"0":{"loc":{"start":{"line":64,"column":10},"end":{"line":69,"column":11}},"type":"if","locations":[{"start":{"line":64,"column":10},"end":{"line":69,"column":11}},{"start":{"line":64,"column":10},"end":{"line":69,"column":11}}],"line":64}},"s":{"0":1,"1":1,"2":0,"3":0,"4":0,"5":0,"6":0,"7":0,"8":0,"9":0,"10":0,"11":0,"12":0,"13":0,"14":0,"15":0,"16":0,"17":1},"f":{"0":0,"1":0,"2":0,"3":0,"4":0,"5":0,"6":0,"7":0,"8":0},"b":{"0":[0,0]},"_coverageSchema":"1a1c01bbd47fc00a2c39e90264f33305004495a9","hash":"2103b8944cf2e40de31ce6a7269c64849824ed07","contentHash":"12e6df9781b23a0a8651b720ebed4f9aeccf1312f4b8edd5365bef13d0a87a40"},"/Users/nickfarni/WebstormProjects/truth-checker-api/src/auth/auth-router.js":{"path":"/Users/nickfarni/WebstormProjects/truth-checker-api/src/auth/auth-router.js","statementMap":{"0":{"start":{"line":2,"column":26},"end":{"line":2,"column":44}},"1":{"start":{"line":3,"column":26},"end":{"line":3,"column":34}},"2":{"start":{"line":4,"column":26},"end":{"line":4,"column":32}},"3":{"start":{"line":5,"column":26},"end":{"line":5,"column":59}},"4":{"start":{"line":8,"column":20},"end":{"line":8,"column":45}},"5":{"start":{"line":10,"column":0},"end":{"line":69,"column":7}},"6":{"start":{"line":13,"column":36},"end":{"line":13,"column":44}},"7":{"start":{"line":14,"column":26},"end":{"line":14,"column":45}},"8":{"start":{"line":17,"column":8},"end":{"line":25,"column":9}},"9":{"start":{"line":18,"column":12},"end":{"line":24,"column":13}},"10":{"start":{"line":19,"column":16},"end":{"line":23,"column":22}},"11":{"start":{"line":27,"column":8},"end":{"line":67,"column":14}},"12":{"start":{"line":29,"column":16},"end":{"line":36,"column":17}},"13":{"start":{"line":31,"column":20},"end":{"line":35,"column":26}},"14":{"start":{"line":37,"column":16},"end":{"line":66,"column":18}},"15":{"start":{"line":42,"column":20},"end":{"line":49,"column":21}},"16":{"start":{"line":44,"column":24},"end":{"line":48,"column":30}},"17":{"start":{"line":51,"column":20},"end":{"line":65,"column":21}},"18":{"start":{"line":52,"column":36},"end":{"line":52,"column":48}},"19":{"start":{"line":53,"column":40},"end":{"line":53,"column":67}},"20":{"start":{"line":54,"column":40},"end":{"line":54,"column":54}},"21":{"start":{"line":55,"column":24},"end":{"line":58,"column":26}},"22":{"start":{"line":60,"column":24},"end":{"line":64,"column":30}},"23":{"start":{"line":71,"column":0},"end":{"line":88,"column":7}},"24":{"start":{"line":74,"column":20},"end":{"line":74,"column":34}},"25":{"start":{"line":75,"column":24},"end":{"line":75,"column":53}},"26":{"start":{"line":76,"column":24},"end":{"line":76,"column":39}},"27":{"start":{"line":77,"column":12},"end":{"line":87,"column":14}},"28":{"start":{"line":82,"column":16},"end":{"line":85,"column":18}},"29":{"start":{"line":86,"column":12},"end":{"line":86,"column":19}},"30":{"start":{"line":90,"column":0},"end":{"line":90,"column":28}}},"fnMap":{"0":{"name":"(anonymous_0)","decl":{"start":{"line":11,"column":36},"end":{"line":11,"column":37}},"loc":{"start":{"line":11,"column":56},"end":{"line":69,"column":5}},"line":11},"1":{"name":"(anonymous_1)","decl":{"start":{"line":28,"column":18},"end":{"line":28,"column":19}},"loc":{"start":{"line":28,"column":28},"end":{"line":67,"column":13}},"line":28},"2":{"name":"(anonymous_2)","decl":{"start":{"line":41,"column":22},"end":{"line":41,"column":23}},"loc":{"start":{"line":41,"column":34},"end":{"line":66,"column":17}},"line":41},"3":{"name":"(anonymous_3)","decl":{"start":{"line":72,"column":35},"end":{"line":72,"column":36}},"loc":{"start":{"line":72,"column":49},"end":{"line":88,"column":5}},"line":72},"4":{"name":"(anonymous_4)","decl":{"start":{"line":81,"column":19},"end":{"line":81,"column":20}},"loc":{"start":{"line":81,"column":26},"end":{"line":87,"column":13}},"line":81}},"branchMap":{"0":{"loc":{"start":{"line":18,"column":12},"end":{"line":24,"column":13}},"type":"if","locations":[{"start":{"line":18,"column":12},"end":{"line":24,"column":13}},{"start":{"line":18,"column":12},"end":{"line":24,"column":13}}],"line":18},"1":{"loc":{"start":{"line":29,"column":16},"end":{"line":36,"column":17}},"type":"if","locations":[{"start":{"line":29,"column":16},"end":{"line":36,"column":17}},{"start":{"line":29,"column":16},"end":{"line":36,"column":17}}],"line":29},"2":{"loc":{"start":{"line":42,"column":20},"end":{"line":49,"column":21}},"type":"if","locations":[{"start":{"line":42,"column":20},"end":{"line":49,"column":21}},{"start":{"line":42,"column":20},"end":{"line":49,"column":21}}],"line":42}},"s":{"0":1,"1":1,"2":1,"3":1,"4":1,"5":1,"6":0,"7":0,"8":0,"9":0,"10":0,"11":0,"12":0,"13":0,"14":0,"15":0,"16":0,"17":0,"18":0,"19":0,"20":0,"21":0,"22":0,"23":1,"24":0,"25":0,"26":0,"27":0,"28":0,"29":0,"30":1},"f":{"0":0,"1":0,"2":0,"3":0,"4":0},"b":{"0":[0,0],"1":[0,0],"2":[0,0]},"_coverageSchema":"1a1c01bbd47fc00a2c39e90264f33305004495a9","hash":"9af1fa4a74bdd894956b88df00c568012623956d","contentHash":"eb880cdb7d2467ccb1f41c3e12be1106795d15763a96b2c8273969f6fd9191d5"},"/Users/nickfarni/WebstormProjects/truth-checker-api/src/reports/reports-router.js":{"path":"/Users/nickfarni/WebstormProjects/truth-checker-api/src/reports/reports-router.js","statementMap":{"0":{"start":{"line":2,"column":30},"end":{"line":2,"column":48}},"1":{"start":{"line":3,"column":30},"end":{"line":3,"column":38}},"2":{"start":{"line":4,"column":30},"end":{"line":4,"column":36}},"3":{"start":{"line":5,"column":30},"end":{"line":5,"column":45}},"4":{"start":{"line":8,"column":30},"end":{"line":8,"column":58}},"5":{"start":{"line":9,"column":30},"end":{"line":9,"column":63}},"6":{"start":{"line":10,"column":30},"end":{"line":10,"column":70}},"7":{"start":{"line":14,"column":0},"end":{"line":64,"column":6}},"8":{"start":{"line":17,"column":8},"end":{"line":22,"column":28}},"9":{"start":{"line":20,"column":20},"end":{"line":20,"column":70}},"10":{"start":{"line":26,"column":28},"end":{"line":26,"column":36}},"11":{"start":{"line":27,"column":26},"end":{"line":30,"column":9}},"12":{"start":{"line":32,"column":8},"end":{"line":62,"column":27}},"13":{"start":{"line":32,"column":14},"end":{"line":61,"column":18}},"14":{"start":{"line":35,"column":20},"end":{"line":53,"column":18}},"15":{"start":{"line":38,"column":28},"end":{"line":43,"column":29}},"16":{"start":{"line":46,"column":20},"end":{"line":52,"column":21}},"17":{"start":{"line":56,"column":20},"end":{"line":60,"column":26}},"18":{"start":{"line":62,"column":18},"end":{"line":62,"column":25}},"19":{"start":{"line":66,"column":0},"end":{"line":100,"column":7}},"20":{"start":{"line":70,"column":25},"end":{"line":70,"column":45}},"21":{"start":{"line":71,"column":8},"end":{"line":76,"column":28}},"22":{"start":{"line":74,"column":20},"end":{"line":74,"column":36}},"23":{"start":{"line":79,"column":34},"end":{"line":79,"column":42}},"24":{"start":{"line":80,"column":31},"end":{"line":80,"column":48}},"25":{"start":{"line":81,"column":25},"end":{"line":81,"column":45}},"26":{"start":{"line":83,"column":8},"end":{"line":98,"column":32}},"27":{"start":{"line":83,"column":14},"end":{"line":97,"column":18}},"28":{"start":{"line":89,"column":20},"end":{"line":89,"column":55}},"29":{"start":{"line":92,"column":20},"end":{"line":96,"column":26}},"30":{"start":{"line":98,"column":23},"end":{"line":98,"column":30}},"31":{"start":{"line":102,"column":0},"end":{"line":102,"column":31}}},"fnMap":{"0":{"name":"(anonymous_0)","decl":{"start":{"line":16,"column":9},"end":{"line":16,"column":10}},"loc":{"start":{"line":16,"column":29},"end":{"line":24,"column":5}},"line":16},"1":{"name":"(anonymous_1)","decl":{"start":{"line":19,"column":22},"end":{"line":19,"column":23}},"loc":{"start":{"line":19,"column":32},"end":{"line":21,"column":17}},"line":19},"2":{"name":"(anonymous_2)","decl":{"start":{"line":25,"column":26},"end":{"line":25,"column":27}},"loc":{"start":{"line":25,"column":46},"end":{"line":64,"column":5}},"line":25},"3":{"name":"(anonymous_3)","decl":{"start":{"line":34,"column":22},"end":{"line":34,"column":23}},"loc":{"start":{"line":34,"column":28},"end":{"line":54,"column":13}},"line":34},"4":{"name":"(anonymous_4)","decl":{"start":{"line":37,"column":30},"end":{"line":37,"column":31}},"loc":{"start":{"line":37,"column":47},"end":{"line":44,"column":25}},"line":37},"5":{"name":"(anonymous_5)","decl":{"start":{"line":45,"column":23},"end":{"line":45,"column":24}},"loc":{"start":{"line":45,"column":29},"end":{"line":53,"column":17}},"line":45},"6":{"name":"(anonymous_6)","decl":{"start":{"line":55,"column":23},"end":{"line":55,"column":24}},"loc":{"start":{"line":55,"column":30},"end":{"line":61,"column":17}},"line":55},"7":{"name":"(anonymous_7)","decl":{"start":{"line":69,"column":9},"end":{"line":69,"column":10}},"loc":{"start":{"line":69,"column":29},"end":{"line":77,"column":5}},"line":69},"8":{"name":"(anonymous_8)","decl":{"start":{"line":73,"column":22},"end":{"line":73,"column":23}},"loc":{"start":{"line":73,"column":32},"end":{"line":75,"column":17}},"line":73},"9":{"name":"(anonymous_9)","decl":{"start":{"line":78,"column":27},"end":{"line":78,"column":28}},"loc":{"start":{"line":78,"column":47},"end":{"line":100,"column":5}},"line":78},"10":{"name":"(anonymous_10)","decl":{"start":{"line":88,"column":22},"end":{"line":88,"column":23}},"loc":{"start":{"line":88,"column":32},"end":{"line":90,"column":17}},"line":88},"11":{"name":"(anonymous_11)","decl":{"start":{"line":91,"column":23},"end":{"line":91,"column":24}},"loc":{"start":{"line":91,"column":29},"end":{"line":97,"column":17}},"line":91}},"branchMap":{},"s":{"0":1,"1":1,"2":1,"3":1,"4":1,"5":1,"6":1,"7":1,"8":0,"9":0,"10":0,"11":0,"12":0,"13":0,"14":0,"15":0,"16":0,"17":0,"18":0,"19":1,"20":0,"21":0,"22":0,"23":0,"24":0,"25":0,"26":0,"27":0,"28":0,"29":0,"30":0,"31":1},"f":{"0":0,"1":0,"2":0,"3":0,"4":0,"5":0,"6":0,"7":0,"8":0,"9":0,"10":0,"11":0},"b":{},"_coverageSchema":"1a1c01bbd47fc00a2c39e90264f33305004495a9","hash":"e652c77870b763a05ac595dd3a18154463afb456","contentHash":"e9f40d9f91bf6edc7ef0d235f636b73e9e505a4cf634597b04e32fe6e401eb76"}}